<?xml version="1.0" encoding="UTF-8"?>
<testsuite xmlns:xsi="http://www.w3.org/2001/XMLSchema-instance" xsi:noNamespaceSchemaLocation="https://maven.apache.org/surefire/maven-surefire-plugin/xsd/surefire-test-report.xsd" version="3.0.2" name="com.dentist.dentist.integration.AppointmentIntegrationTest" time="10.627" tests="5" errors="0" skipped="0" failures="1">
  <properties>
[...]
</properties>
  <testcase name="testGetAllAppointments" classname="com.dentist.dentist.integration.AppointmentIntegrationTest" time="3.939">
    <system-out><![CDATA[23:48:24.332 [main] INFO org.springframework.test.context.support.AnnotationConfigContextLoaderUtils -- Could not detect default configuration classes for test class [com.dentist.dentist.integration.AppointmentIntegrationTest]: AppointmentIntegrationTest does not declare any static, non-private, non-final, nested classes annotated with @Configuration.
23:48:24.517 [main] INFO org.springframework.boot.test.context.SpringBootTestContextBootstrapper -- Found @SpringBootConfiguration com.dentist.dentist.DentistApplication for test class com.dentist.dentist.integration.AppointmentIntegrationTest

  .   ____          _            __ _ _
 /\\ / ___'_ __ _ _(_)_ __  __ _ \ \ \ \
( ( )\___ | '_ | '_| | '_ \/ _` | \ \ \ \
 \\/  ___)| |_)| | | | | || (_| |  ) ) ) )
  '  |____| .__|_| |_|_| |_\__, | / / / /
 =========|_|==============|___/=/_/_/_/

 :: Spring Boot ::                (v3.4.1)

2025-06-15T23:48:24.949+02:00  INFO 1564 --- [dentist] [           main] c.d.d.i.AppointmentIntegrationTest       : Starting AppointmentIntegrationTest using Java 17.0.8 with PID 1564 (started by ishak in /Users/ishak/Downloads/dentist)
2025-06-15T23:48:24.950+02:00  INFO 1564 --- [dentist] [           main] c.d.d.i.AppointmentIntegrationTest       : The following 1 profile is active: "test"
2025-06-15T23:48:25.572+02:00  INFO 1564 --- [dentist] [           main] .s.d.r.c.RepositoryConfigurationDelegate : Bootstrapping Spring Data JPA repositories in DEFAULT mode.
2025-06-15T23:48:25.623+02:00  INFO 1564 --- [dentist] [           main] .s.d.r.c.RepositoryConfigurationDelegate : Finished Spring Data repository scanning in 42 ms. Found 4 JPA repository interfaces.
2025-06-15T23:48:25.925+02:00  INFO 1564 --- [dentist] [           main] com.zaxxer.hikari.HikariDataSource       : HikariPool-1 - Starting...
2025-06-15T23:48:26.243+02:00  INFO 1564 --- [dentist] [           main] com.zaxxer.hikari.pool.HikariPool        : HikariPool-1 - Added connection conn0: url=jdbc:h2:mem:testdb user=SA
2025-06-15T23:48:26.244+02:00  INFO 1564 --- [dentist] [           main] com.zaxxer.hikari.HikariDataSource       : HikariPool-1 - Start completed.
2025-06-15T23:48:26.333+02:00  INFO 1564 --- [dentist] [           main] o.hibernate.jpa.internal.util.LogHelper  : HHH000204: Processing PersistenceUnitInfo [name: default]
2025-06-15T23:48:26.396+02:00  INFO 1564 --- [dentist] [           main] org.hibernate.Version                    : HHH000412: Hibernate ORM core version 6.6.4.Final
2025-06-15T23:48:26.430+02:00  INFO 1564 --- [dentist] [           main] o.h.c.internal.RegionFactoryInitiator    : HHH000026: Second-level cache disabled
2025-06-15T23:48:26.562+02:00  INFO 1564 --- [dentist] [           main] o.s.o.j.p.SpringPersistenceUnitInfo      : No LoadTimeWeaver setup: ignoring JPA class transformer
2025-06-15T23:48:26.608+02:00  WARN 1564 --- [dentist] [           main] org.hibernate.orm.deprecation            : HHH90000025: MySQL8Dialect does not need to be specified explicitly using 'hibernate.dialect' (remove the property setting and it will be selected by default)
2025-06-15T23:48:26.609+02:00  WARN 1564 --- [dentist] [           main] org.hibernate.orm.deprecation            : HHH90000026: MySQL8Dialect has been deprecated; use org.hibernate.dialect.MySQLDialect instead
2025-06-15T23:48:26.623+02:00  INFO 1564 --- [dentist] [           main] org.hibernate.orm.connections.pooling    : HHH10001005: Database info:
	Database JDBC URL [Connecting through datasource 'HikariDataSource (HikariPool-1)']
	Database driver: undefined/unknown
	Database version: 8.0
	Autocommit mode: undefined/unknown
	Isolation level: undefined/unknown
	Minimum pool size: undefined/unknown
	Maximum pool size: undefined/unknown
2025-06-15T23:48:27.270+02:00  INFO 1564 --- [dentist] [           main] o.h.e.t.j.p.i.JtaPlatformInitiator       : HHH000489: No JTA platform available (set 'hibernate.transaction.jta.platform' to enable JTA platform integration)
2025-06-15T23:48:27.272+02:00  INFO 1564 --- [dentist] [           main] j.LocalContainerEntityManagerFactoryBean : Initialized JPA EntityManagerFactory for persistence unit 'default'
2025-06-15T23:48:27.499+02:00  INFO 1564 --- [dentist] [           main] o.s.d.j.r.query.QueryEnhancerFactory     : Hibernate is in classpath; If applicable, HQL parser will be used.
2025-06-15T23:48:28.080+02:00  WARN 1564 --- [dentist] [           main] JpaBaseConfiguration$JpaWebConfiguration : spring.jpa.open-in-view is enabled by default. Therefore, database queries may be performed during view rendering. Explicitly configure spring.jpa.open-in-view to disable this warning
2025-06-15T23:48:28.112+02:00  INFO 1564 --- [dentist] [           main] o.s.v.b.OptionalValidatorFactoryBean     : Failed to set up a Bean Validation provider: jakarta.validation.NoProviderFoundException: Unable to create a Configuration, because no Jakarta Bean Validation provider could be found. Add a provider like Hibernate Validator (RI) to your classpath.
2025-06-15T23:48:28.356+02:00  INFO 1564 --- [dentist] [           main] o.s.b.a.h2.H2ConsoleAutoConfiguration    : H2 console available at '/h2-console'. Database available at 'jdbc:h2:mem:testdb'
2025-06-15T23:48:28.399+02:00  INFO 1564 --- [dentist] [           main] c.d.d.i.AppointmentIntegrationTest       : Started AppointmentIntegrationTest in 3.699 seconds (process running for 6.054)
Hibernate: 
    select
        a1_0.id,
        a1_0.appointment_date,
        a1_0.email,
        a1_0.notes,
        a1_0.patient_name,
        a1_0.patient_surname,
        a1_0.time 
    from
        appointment a1_0
Hibernate: 
    select
        aa1_0.id,
        aa1_0.date,
        aa1_0.end_time,
        aa1_0.is_available,
        aa1_0.start_time 
    from
        appointment_availability aa1_0
Hibernate: 
    insert 
    into
        appointment_availability
        (date, end_time, is_available, start_time) 
    values
        (?, ?, ?, ?)
Hibernate: 
    insert 
    into
        appointment
        (appointment_date, email, notes, patient_name, patient_surname, time) 
    values
        (?, ?, ?, ?, ?, ?)
Hibernate: 
    insert 
    into
        appointment
        (appointment_date, email, notes, patient_name, patient_surname, time) 
    values
        (?, ?, ?, ?, ?, ?)
Hibernate: 
    select
        a1_0.id,
        a1_0.appointment_date,
        a1_0.email,
        a1_0.notes,
        a1_0.patient_name,
        a1_0.patient_surname,
        a1_0.time 
    from
        appointment a1_0
]]></system-out>
  </testcase>
  <testcase name="testUpdateAppointment" classname="com.dentist.dentist.integration.AppointmentIntegrationTest" time="0.286">
    <failure message="expected: &lt;Smith&gt; but was: &lt;Doe&gt;" type="org.opentest4j.AssertionFailedError"><![CDATA[org.opentest4j.AssertionFailedError: expected: <Smith> but was: <Doe>
	at org.junit.jupiter.api.AssertionFailureBuilder.build(AssertionFailureBuilder.java:151)
	at org.junit.jupiter.api.AssertionFailureBuilder.buildAndThrow(AssertionFailureBuilder.java:132)
	at org.junit.jupiter.api.AssertEquals.failNotEqual(AssertEquals.java:197)
	at org.junit.jupiter.api.AssertEquals.assertEquals(AssertEquals.java:182)
	at org.junit.jupiter.api.AssertEquals.assertEquals(AssertEquals.java:177)
	at org.junit.jupiter.api.Assertions.assertEquals(Assertions.java:1145)
	at com.dentist.dentist.integration.AppointmentIntegrationTest.testUpdateAppointment(AppointmentIntegrationTest.java:112)
	at java.base/java.lang.reflect.Method.invoke(Method.java:568)
	at java.base/java.util.ArrayList.forEach(ArrayList.java:1511)
	at java.base/java.util.ArrayList.forEach(ArrayList.java:1511)
]]></failure>
    <system-out><![CDATA[Hibernate: 
    select
        a1_0.id,
        a1_0.appointment_date,
        a1_0.email,
        a1_0.notes,
        a1_0.patient_name,
        a1_0.patient_surname,
        a1_0.time 
    from
        appointment a1_0
Hibernate: 
    select
        aa1_0.id,
        aa1_0.date,
        aa1_0.end_time,
        aa1_0.is_available,
        aa1_0.start_time 
    from
        appointment_availability aa1_0
Hibernate: 
    insert 
    into
        appointment_availability
        (date, end_time, is_available, start_time) 
    values
        (?, ?, ?, ?)
Hibernate: 
    insert 
    into
        appointment
        (appointment_date, email, notes, patient_name, patient_surname, time) 
    values
        (?, ?, ?, ?, ?, ?)
]]></system-out>
  </testcase>
  <testcase name="testAppointmentWithAvailability" classname="com.dentist.dentist.integration.AppointmentIntegrationTest" time="0.45">
    <system-out><![CDATA[Hibernate: 
    select
        a1_0.id,
        a1_0.appointment_date,
        a1_0.email,
        a1_0.notes,
        a1_0.patient_name,
        a1_0.patient_surname,
        a1_0.time 
    from
        appointment a1_0
Hibernate: 
    select
        aa1_0.id,
        aa1_0.date,
        aa1_0.end_time,
        aa1_0.is_available,
        aa1_0.start_time 
    from
        appointment_availability aa1_0
Hibernate: 
    insert 
    into
        appointment_availability
        (date, end_time, is_available, start_time) 
    values
        (?, ?, ?, ?)
Hibernate: 
    insert 
    into
        appointment
        (appointment_date, email, notes, patient_name, patient_surname, time) 
    values
        (?, ?, ?, ?, ?, ?)
THIS IS false
Hibernate: 
    update
        appointment_availability 
    set
        date=?,
        end_time=?,
        is_available=?,
        start_time=? 
    where
        id=?
Hibernate: 
    select
        aa1_0.id,
        aa1_0.date,
        aa1_0.end_time,
        aa1_0.is_available,
        aa1_0.start_time 
    from
        appointment_availability aa1_0 
    where
        aa1_0.date=? 
        and aa1_0.is_available=1
]]></system-out>
  </testcase>
  <testcase name="testDeleteAppointment" classname="com.dentist.dentist.integration.AppointmentIntegrationTest" time="1.249">
    <system-out><![CDATA[Hibernate: 
    select
        a1_0.id,
        a1_0.appointment_date,
        a1_0.email,
        a1_0.notes,
        a1_0.patient_name,
        a1_0.patient_surname,
        a1_0.time 
    from
        appointment a1_0
Hibernate: 
    select
        aa1_0.id,
        aa1_0.date,
        aa1_0.end_time,
        aa1_0.is_available,
        aa1_0.start_time 
    from
        appointment_availability aa1_0
Hibernate: 
    insert 
    into
        appointment_availability
        (date, end_time, is_available, start_time) 
    values
        (?, ?, ?, ?)
Hibernate: 
    insert 
    into
        appointment
        (appointment_date, email, notes, patient_name, patient_surname, time) 
    values
        (?, ?, ?, ?, ?, ?)
Hibernate: 
    select
        count(*) 
    from
        appointment a1_0 
    where
        a1_0.id=?
]]></system-out>
  </testcase>
  <testcase name="testCreateAndRetrieveAppointment" classname="com.dentist.dentist.integration.AppointmentIntegrationTest" time="0.372">
    <system-out><![CDATA[Hibernate: 
    select
        a1_0.id,
        a1_0.appointment_date,
        a1_0.email,
        a1_0.notes,
        a1_0.patient_name,
        a1_0.patient_surname,
        a1_0.time 
    from
        appointment a1_0
Hibernate: 
    select
        aa1_0.id,
        aa1_0.date,
        aa1_0.end_time,
        aa1_0.is_available,
        aa1_0.start_time 
    from
        appointment_availability aa1_0
Hibernate: 
    insert 
    into
        appointment_availability
        (date, end_time, is_available, start_time) 
    values
        (?, ?, ?, ?)
Hibernate: 
    insert 
    into
        appointment
        (appointment_date, email, notes, patient_name, patient_surname, time) 
    values
        (?, ?, ?, ?, ?, ?)
Hibernate: 
    select
        a1_0.id,
        a1_0.appointment_date,
        a1_0.email,
        a1_0.notes,
        a1_0.patient_name,
        a1_0.patient_surname,
        a1_0.time 
    from
        appointment a1_0 
    where
        a1_0.email=?
]]></system-out>
  </testcase>
</testsuite>